2023-12-11 23:04:31,297 - root - INFO - Epoch 0; loss: 8.10933780670166; CER: 0.8971561193466187; WER: 0.99878990650177; val_loss: 14.453946113586426; val_CER: 0.8408495187759399; val_WER: 1.0
2023-12-11 23:18:16,887 - root - INFO - Epoch 1; loss: 5.25535249710083; CER: 0.5914241671562195; WER: 0.9200533032417297; val_loss: 10.231600761413574; val_CER: 0.5012605786323547; val_WER: 1.0
2023-12-11 23:32:07,516 - root - INFO - Epoch 2; loss: 3.022984504699707; CER: 0.32163020968437195; WER: 0.6195185780525208; val_loss: 8.216110229492188; val_CER: 0.4668414890766144; val_WER: 0.9998019933700562
2023-12-11 23:45:54,214 - root - INFO - Epoch 3; loss: 2.163567304611206; CER: 0.22389861941337585; WER: 0.46888822317123413; val_loss: 6.849560737609863; val_CER: 0.35721269249916077; val_WER: 0.9996039271354675
2023-12-12 00:47:34,007 - root - INFO - Epoch 4; loss: 1.7349344491958618; CER: 0.17690947651863098; WER: 0.3872912526130676; val_loss: 5.133829116821289; val_CER: 0.3479473292827606; val_WER: 0.9950494766235352
2023-12-12 02:36:55,823 - root - INFO - Epoch 5; loss: 1.4836839437484741; CER: 0.14964540302753448; WER: 0.33727917075157166; val_loss: 4.378600120544434; val_CER: 0.33178868889808655; val_WER: 0.9773266911506653
2023-12-12 02:50:32,036 - root - INFO - Epoch 6; loss: 1.3182836771011353; CER: 0.1319914609193802; WER: 0.30219587683677673; val_loss: 3.537496328353882; val_CER: 0.2976650893688202; val_WER: 0.8488118648529053
2023-12-12 03:04:04,803 - root - INFO - Epoch 7; loss: 1.1948823928833008; CER: 0.11995463073253632; WER: 0.27873000502586365; val_loss: 3.619030475616455; val_CER: 0.29850494861602783; val_WER: 0.8931683301925659
2023-12-12 03:17:44,153 - root - INFO - Epoch 8; loss: 1.1146371364593506; CER: 0.11108152568340302; WER: 0.2610838711261749; val_loss: 4.455475330352783; val_CER: 0.3246636986732483; val_WER: 0.9769306778907776
2023-12-12 03:31:20,489 - root - INFO - Epoch 9; loss: 1.0460551977157593; CER: 0.10446585714817047; WER: 0.247277170419693; val_loss: 3.1458466053009033; val_CER: 0.2968285083770752; val_WER: 0.9145544171333313
2023-12-12 03:44:14,022 - root - INFO - Epoch 10; loss: 0.9790453314781189; CER: 0.09794984012842178; WER: 0.2343726009130478; val_loss: 1.9171570539474487; val_CER: 0.2295840084552765; val_WER: 0.6975247263908386
2023-12-12 03:55:56,810 - root - INFO - Epoch 11; loss: 0.9332616925239563; CER: 0.09347070753574371; WER: 0.22432836890220642; val_loss: 2.7565670013427734; val_CER: 0.29103153944015503; val_WER: 0.8469306826591492
2023-12-12 04:23:57,395 - root - INFO - Epoch 12; loss: 0.8868692517280579; CER: 0.08848843723535538; WER: 0.2134590446949005; val_loss: 1.9066368341445923; val_CER: 0.2202375829219818; val_WER: 0.6688118577003479
2023-12-12 05:08:10,806 - root - INFO - Epoch 13; loss: 0.8536657094955444; CER: 0.08546421676874161; WER: 0.20713327825069427; val_loss: 3.047457218170166; val_CER: 0.3229010999202728; val_WER: 0.8349505066871643
2023-12-12 05:23:03,832 - root - INFO - Epoch 14; loss: 0.829313337802887; CER: 0.08328896760940552; WER: 0.2019626498222351; val_loss: 1.6560803651809692; val_CER: 0.19734826683998108; val_WER: 0.5662376284599304
2023-12-12 05:23:04,208 - tf2onnx.tf_loader - WARNING - Could not search for non-variable resources. Concrete function internal representation may have changed.
2023-12-12 05:23:04,581 - tf2onnx.tfonnx - INFO - Using tensorflow=2.15.0, onnx=1.14.0, tf2onnx=1.15.1/37820d
2023-12-12 05:23:04,581 - tf2onnx.tfonnx - INFO - Using opset <onnx, 15>
2023-12-12 05:23:04,609 - tf2onnx.tf_utils - INFO - Computed 0 values for constant folding
2023-12-12 05:23:04,611 - tf2onnx.tf_utils - INFO - Computed 0 values for constant folding
2023-12-12 05:23:04,613 - tf2onnx.tf_utils - INFO - Computed 0 values for constant folding
2023-12-12 05:23:04,614 - tf2onnx.tf_utils - INFO - Computed 0 values for constant folding
2023-12-12 05:23:04,630 - tf2onnx.tf_utils - INFO - Computed 2 values for constant folding
2023-12-12 05:23:04,651 - tf2onnx.tfonnx - INFO - folding node using tf type=StridedSlice, name=model/bidirectional/forward_lstm/PartitionedCall/strided_slice
2023-12-12 05:23:04,651 - tf2onnx.tfonnx - INFO - folding node using tf type=StridedSlice, name=model/bidirectional/backward_lstm/PartitionedCall/strided_slice
2023-12-12 05:23:04,726 - tf2onnx.optimizer - INFO - Optimizing ONNX model
2023-12-12 05:23:04,966 - tf2onnx.optimizer - INFO - After optimization: BatchNormalization -18 (18->0), Cast -4 (11->7), Concat -4 (10->6), Const -129 (192->63), Expand -3 (4->1), Gather +2 (2->4), Identity -2 (2->0), Shape -1 (4->3), Slice -1 (5->4), Squeeze -3 (5->2), Transpose -81 (85->4), Unsqueeze -14 (17->3)
