2023-12-10 22:33:59,827 - root - INFO - Epoch 0; loss: 27.530559539794922; CER: 2.140516996383667; WER: 1.0; val_loss: 11.143974304199219; val_CER: 1.0; val_WER: 1.0
2023-12-10 22:34:11,845 - root - INFO - Epoch 1; loss: 10.159679412841797; CER: 1.0; WER: 1.0; val_loss: 10.510039329528809; val_CER: 1.0; val_WER: 1.0
2023-12-10 22:34:23,632 - root - INFO - Epoch 2; loss: 9.645620346069336; CER: 1.0; WER: 1.0; val_loss: 9.800362586975098; val_CER: 1.0; val_WER: 1.0
2023-12-10 22:34:35,419 - root - INFO - Epoch 3; loss: 9.234922409057617; CER: 0.9879316687583923; WER: 1.0; val_loss: 9.256782531738281; val_CER: 1.0; val_WER: 1.0
2023-12-10 22:34:47,373 - root - INFO - Epoch 4; loss: 8.69581413269043; CER: 0.921390950679779; WER: 1.0; val_loss: 8.845685005187988; val_CER: 0.8960906863212585; val_WER: 1.0
2023-12-10 22:34:59,188 - root - INFO - Epoch 5; loss: 8.444067001342773; CER: 0.9131777286529541; WER: 1.0; val_loss: 8.693150520324707; val_CER: 0.8960905075073242; val_WER: 1.0
2023-12-10 22:35:11,519 - root - INFO - Epoch 6; loss: 8.291130065917969; CER: 0.9141501784324646; WER: 1.0; val_loss: 8.606945037841797; val_CER: 0.896090567111969; val_WER: 1.0
2023-12-10 22:35:23,993 - root - INFO - Epoch 7; loss: 8.146158218383789; CER: 0.902825653553009; WER: 1.0; val_loss: 8.612010955810547; val_CER: 0.896090567111969; val_WER: 1.0
2023-12-10 22:35:36,310 - root - INFO - Epoch 8; loss: 8.053645133972168; CER: 0.8920955061912537; WER: 1.0; val_loss: 8.823376655578613; val_CER: 0.896090567111969; val_WER: 1.0
2023-12-10 22:35:48,390 - root - INFO - Epoch 9; loss: 7.9980010986328125; CER: 0.8770075440406799; WER: 1.0; val_loss: 8.521383285522461; val_CER: 0.896090567111969; val_WER: 1.0
2023-12-10 22:36:00,485 - root - INFO - Epoch 10; loss: 7.978952884674072; CER: 0.865145206451416; WER: 1.0; val_loss: 8.571067810058594; val_CER: 0.896090567111969; val_WER: 1.0
2023-12-10 22:36:12,537 - root - INFO - Epoch 11; loss: 7.929585933685303; CER: 0.8544383645057678; WER: 1.0; val_loss: 8.539382934570312; val_CER: 0.896090567111969; val_WER: 1.0
2023-12-10 22:36:24,394 - root - INFO - Epoch 12; loss: 7.860678672790527; CER: 0.8487417697906494; WER: 1.0; val_loss: 8.532476425170898; val_CER: 0.896090567111969; val_WER: 1.0
2023-12-10 22:36:36,523 - root - INFO - Epoch 13; loss: 7.842823505401611; CER: 0.8449552655220032; WER: 1.0; val_loss: 8.550118446350098; val_CER: 0.896090567111969; val_WER: 1.0
2023-12-10 22:36:48,650 - root - INFO - Epoch 14; loss: 7.753849506378174; CER: 0.8424845337867737; WER: 0.9986273050308228; val_loss: 8.192615509033203; val_CER: 0.896090567111969; val_WER: 1.0
2023-12-10 22:37:00,712 - root - INFO - Epoch 15; loss: 7.69730281829834; CER: 0.8402196764945984; WER: 0.9993136525154114; val_loss: 8.59988021850586; val_CER: 0.9120371341705322; val_WER: 1.0
2023-12-10 22:37:12,933 - root - INFO - Epoch 16; loss: 7.648062705993652; CER: 0.8351747393608093; WER: 0.9986273050308228; val_loss: 8.527255058288574; val_CER: 0.891255259513855; val_WER: 1.0
2023-12-10 22:37:25,239 - root - INFO - Epoch 17; loss: 7.604142189025879; CER: 0.8378175497055054; WER: 0.9972546100616455; val_loss: 8.273676872253418; val_CER: 0.8717077970504761; val_WER: 0.9938271641731262
2023-12-10 22:37:37,358 - root - INFO - Epoch 18; loss: 7.5000481605529785; CER: 0.8363876342773438; WER: 0.9897048473358154; val_loss: 8.323484420776367; val_CER: 0.9183127284049988; val_WER: 1.0
2023-12-10 22:37:49,623 - root - INFO - Epoch 19; loss: 7.451073169708252; CER: 0.8292039036750793; WER: 0.9951955676078796; val_loss: 8.29815673828125; val_CER: 0.863477349281311; val_WER: 0.9938271641731262
2023-12-10 22:38:01,685 - root - INFO - Epoch 20; loss: 7.315795421600342; CER: 0.823232889175415; WER: 0.9938228726387024; val_loss: 8.194084167480469; val_CER: 0.8812757730484009; val_WER: 0.9938271641731262
2023-12-10 22:38:13,923 - root - INFO - Epoch 21; loss: 7.278529644012451; CER: 0.8291008472442627; WER: 0.9931365847587585; val_loss: 7.752715587615967; val_CER: 0.8153293132781982; val_WER: 0.9753086566925049
2023-12-10 22:38:26,225 - root - INFO - Epoch 22; loss: 7.173492431640625; CER: 0.8175704479217529; WER: 0.9883321523666382; val_loss: 7.950695991516113; val_CER: 0.8312757611274719; val_WER: 0.9876543283462524
2023-12-10 22:38:38,691 - root - INFO - Epoch 23; loss: 7.0443525314331055; CER: 0.7997826337814331; WER: 0.9842141270637512; val_loss: 7.879703044891357; val_CER: 0.8480453491210938; val_WER: 1.0
2023-12-10 22:38:50,911 - root - INFO - Epoch 24; loss: 6.893460750579834; CER: 0.7851862907409668; WER: 0.9821550846099854; val_loss: 7.80911922454834; val_CER: 0.8356996774673462; val_WER: 1.0
2023-12-10 22:39:03,390 - root - INFO - Epoch 25; loss: 6.703925132751465; CER: 0.7587506771087646; WER: 0.965682864189148; val_loss: 7.981400489807129; val_CER: 0.8452674746513367; val_WER: 1.0
2023-12-10 22:39:16,518 - root - INFO - Epoch 26; loss: 6.58292293548584; CER: 0.7520134449005127; WER: 0.9643102288246155; val_loss: 8.115182876586914; val_CER: 0.8130660057067871; val_WER: 1.0
2023-12-10 22:39:29,595 - root - INFO - Epoch 27; loss: 6.419119834899902; CER: 0.7329328656196594; WER: 0.9581331014633179; val_loss: 8.474077224731445; val_CER: 0.8317901492118835; val_WER: 0.9938271641731262
2023-12-10 22:39:42,414 - root - INFO - Epoch 28; loss: 6.313704490661621; CER: 0.7123311758041382; WER: 0.940288245677948; val_loss: 8.228105545043945; val_CER: 0.8557612895965576; val_WER: 0.9938271641731262
2023-12-10 22:39:55,468 - root - INFO - Epoch 29; loss: 6.118032932281494; CER: 0.6973116993904114; WER: 0.9279341101646423; val_loss: 8.57968521118164; val_CER: 0.8041152358055115; val_WER: 0.9876543283462524
2023-12-10 22:40:08,536 - root - INFO - Epoch 30; loss: 6.069738388061523; CER: 0.6806451678276062; WER: 0.9224433302879333; val_loss: 8.074748039245605; val_CER: 0.8130658268928528; val_WER: 0.9753086566925049
2023-12-10 22:40:21,858 - root - INFO - Epoch 31; loss: 5.884339809417725; CER: 0.6579386591911316; WER: 0.9045984745025635; val_loss: 7.721131324768066; val_CER: 0.7978395223617554; val_WER: 0.9814814925193787
2023-12-10 22:40:34,609 - root - INFO - Epoch 32; loss: 5.780345916748047; CER: 0.6536605358123779; WER: 0.8984214067459106; val_loss: 7.910016059875488; val_CER: 0.8238683938980103; val_WER: 0.9938271641731262
2023-12-10 22:40:47,422 - root - INFO - Epoch 33; loss: 5.648561000823975; CER: 0.6395334005355835; WER: 0.8874399065971375; val_loss: 8.292558670043945; val_CER: 0.8195474147796631; val_WER: 0.9938271641731262
2023-12-10 22:40:59,750 - root - INFO - Epoch 34; loss: 5.555480003356934; CER: 0.620521605014801; WER: 0.8702813982963562; val_loss: 6.955050468444824; val_CER: 0.7177984118461609; val_WER: 0.9320987462997437
2023-12-10 22:41:12,382 - root - INFO - Epoch 35; loss: 5.403326034545898; CER: 0.6049990653991699; WER: 0.8586135506629944; val_loss: 8.073934555053711; val_CER: 0.7439300417900085; val_WER: 0.9382716417312622
2023-12-10 22:41:25,278 - root - INFO - Epoch 36; loss: 5.242831707000732; CER: 0.5834361910820007; WER: 0.8407686948776245; val_loss: 7.992166042327881; val_CER: 0.7833333611488342; val_WER: 0.9506173133850098
2023-12-10 22:41:38,346 - root - INFO - Epoch 37; loss: 5.115130424499512; CER: 0.5689544677734375; WER: 0.8256691694259644; val_loss: 7.280620098114014; val_CER: 0.7757201790809631; val_WER: 0.9691358208656311
2023-12-10 22:41:51,288 - root - INFO - Epoch 38; loss: 5.016261100769043; CER: 0.5646992325782776; WER: 0.8229237794876099; val_loss: 6.841125011444092; val_CER: 0.6847736239433289; val_WER: 0.9259259104728699
2023-12-10 22:42:04,991 - root - INFO - Epoch 39; loss: 4.862548351287842; CER: 0.5434338450431824; WER: 0.8085106015205383; val_loss: 8.11699390411377; val_CER: 0.7875514626502991; val_WER: 0.9382716417312622
2023-12-10 22:42:17,777 - root - INFO - Epoch 40; loss: 4.731483459472656; CER: 0.5254290103912354; WER: 0.7831159830093384; val_loss: 8.338751792907715; val_CER: 0.777983546257019; val_WER: 0.9629629850387573
2023-12-10 22:42:30,535 - root - INFO - Epoch 41; loss: 4.578429222106934; CER: 0.5094486474990845; WER: 0.774193525314331; val_loss: 7.263542175292969; val_CER: 0.7497942447662354; val_WER: 0.944444477558136
2023-12-10 22:42:43,974 - root - INFO - Epoch 42; loss: 4.474728584289551; CER: 0.5027110576629639; WER: 0.7789978981018066; val_loss: 7.345907211303711; val_CER: 0.7472223043441772; val_WER: 0.9382716417312622
2023-12-10 22:42:57,417 - root - INFO - Epoch 43; loss: 4.4452900886535645; CER: 0.48085108399391174; WER: 0.7460535168647766; val_loss: 6.798497676849365; val_CER: 0.6438271999359131; val_WER: 0.8333333134651184
2023-12-10 22:43:10,338 - root - INFO - Epoch 44; loss: 4.280020713806152; CER: 0.4652939438819885; WER: 0.7213451862335205; val_loss: 6.3092041015625; val_CER: 0.6475308537483215; val_WER: 0.8888888955116272
2023-12-10 22:43:23,747 - root - INFO - Epoch 45; loss: 4.177365303039551; CER: 0.4549417197704315; WER: 0.7062457203865051; val_loss: 8.01183795928955; val_CER: 0.7503086924552917; val_WER: 0.9074074029922485
2023-12-10 22:43:37,167 - root - INFO - Epoch 46; loss: 4.05159854888916; CER: 0.4374513626098633; WER: 0.6966369152069092; val_loss: 5.84401273727417; val_CER: 0.627366304397583; val_WER: 0.8641975522041321
2023-12-10 22:43:50,879 - root - INFO - Epoch 47; loss: 3.9597272872924805; CER: 0.42361024022102356; WER: 0.6801646947860718; val_loss: 6.293706893920898; val_CER: 0.6298353672027588; val_WER: 0.8580247163772583
2023-12-10 22:44:03,916 - root - INFO - Epoch 48; loss: 3.778653383255005; CER: 0.41491642594337463; WER: 0.6671242117881775; val_loss: 7.4220404624938965; val_CER: 0.6878600716590881; val_WER: 0.895061731338501
2023-12-10 22:44:16,972 - root - INFO - Epoch 49; loss: 3.7663183212280273; CER: 0.406245619058609; WER: 0.64310222864151; val_loss: 7.10417366027832; val_CER: 0.6763374209403992; val_WER: 0.9012345671653748
2023-12-10 22:44:30,428 - root - INFO - Epoch 50; loss: 3.5834498405456543; CER: 0.38422560691833496; WER: 0.6156485676765442; val_loss: 6.699732303619385; val_CER: 0.6599793434143066; val_WER: 0.895061731338501
2023-12-10 22:44:44,179 - root - INFO - Epoch 51; loss: 3.549363136291504; CER: 0.39057421684265137; WER: 0.6252573728561401; val_loss: 6.401186466217041; val_CER: 0.6404321789741516; val_WER: 0.8518518805503845
2023-12-10 22:44:57,332 - root - INFO - Epoch 52; loss: 3.4456675052642822; CER: 0.37208878993988037; WER: 0.6019217371940613; val_loss: 5.798524379730225; val_CER: 0.569135844707489; val_WER: 0.8518518805503845
2023-12-10 22:45:10,648 - root - INFO - Epoch 53; loss: 3.371828317642212; CER: 0.3552047908306122; WER: 0.5840768814086914; val_loss: 5.271526336669922; val_CER: 0.5366255640983582; val_WER: 0.8148148059844971
2023-12-10 22:45:24,104 - root - INFO - Epoch 54; loss: 3.2653589248657227; CER: 0.3498169779777527; WER: 0.5648592710494995; val_loss: 5.464140892028809; val_CER: 0.5529835820198059; val_WER: 0.8518518805503845
2023-12-10 22:45:37,901 - root - INFO - Epoch 55; loss: 3.152499198913574; CER: 0.3347403109073639; WER: 0.5497597455978394; val_loss: 6.522238731384277; val_CER: 0.6460906267166138; val_WER: 0.8580247163772583
2023-12-10 22:45:51,675 - root - INFO - Epoch 56; loss: 3.0827817916870117; CER: 0.3283916711807251; WER: 0.5538778305053711; val_loss: 5.6807966232299805; val_CER: 0.5248971581459045; val_WER: 0.8456790447235107
2023-12-10 22:46:04,882 - root - INFO - Epoch 57; loss: 3.0949947834014893; CER: 0.3261839747428894; WER: 0.5422099828720093; val_loss: 5.573235511779785; val_CER: 0.5574074387550354; val_WER: 0.8456790447235107
2023-12-10 22:46:18,451 - root - INFO - Epoch 58; loss: 2.918717622756958; CER: 0.31129026412963867; WER: 0.5161290168762207; val_loss: 5.935876846313477; val_CER: 0.587139904499054; val_WER: 0.9012345671653748
2023-12-10 22:46:32,150 - root - INFO - Epoch 59; loss: 2.950960636138916; CER: 0.3097231984138489; WER: 0.5202470421791077; val_loss: 5.3225603103637695; val_CER: 0.5683128237724304; val_WER: 0.8456790447235107
2023-12-10 22:46:45,746 - root - INFO - Epoch 60; loss: 2.8264920711517334; CER: 0.2986273467540741; WER: 0.5085792541503906; val_loss: 5.818780899047852; val_CER: 0.5410494208335876; val_WER: 0.8333333134651184
2023-12-10 22:46:59,507 - root - INFO - Epoch 61; loss: 2.765787363052368; CER: 0.29082587361335754; WER: 0.49073436856269836; val_loss: 4.511384010314941; val_CER: 0.45637860894203186; val_WER: 0.8271604776382446
2023-12-10 22:47:13,233 - root - INFO - Epoch 62; loss: 2.7296230792999268; CER: 0.29351407289505005; WER: 0.49897047877311707; val_loss: 4.985682010650635; val_CER: 0.48189306259155273; val_WER: 0.8271604776382446
2023-12-10 22:47:26,832 - root - INFO - Epoch 63; loss: 2.674126148223877; CER: 0.2815946340560913; WER: 0.4804392457008362; val_loss: 5.308494567871094; val_CER: 0.5021605491638184; val_WER: 0.8518518805503845
2023-12-10 22:47:39,881 - root - INFO - Epoch 64; loss: 2.512828826904297; CER: 0.2701783776283264; WER: 0.45229923725128174; val_loss: 5.1277055740356445; val_CER: 0.504012405872345; val_WER: 0.8395061492919922
2023-12-10 22:47:52,713 - root - INFO - Epoch 65; loss: 2.5629630088806152; CER: 0.2818463146686554; WER: 0.4756348431110382; val_loss: 5.040219306945801; val_CER: 0.49166664481163025; val_WER: 0.8395061492919922
2023-12-10 22:48:05,549 - root - INFO - Epoch 66; loss: 2.484055995941162; CER: 0.25727519392967224; WER: 0.4481811821460724; val_loss: 4.8528618812561035; val_CER: 0.4966050088405609; val_WER: 0.8518518805503845
2023-12-10 22:48:18,654 - root - INFO - Epoch 67; loss: 2.42649507522583; CER: 0.2568518817424774; WER: 0.45229923725128174; val_loss: 4.623531818389893; val_CER: 0.4731481671333313; val_WER: 0.8148148059844971
2023-12-10 22:48:31,458 - root - INFO - Epoch 68; loss: 2.352742910385132; CER: 0.2526538670063019; WER: 0.44200411438941956; val_loss: 4.987278461456299; val_CER: 0.4803497791290283; val_WER: 0.8395061492919922
2023-12-10 22:48:44,120 - root - INFO - Epoch 69; loss: 2.4069576263427734; CER: 0.25322574377059937; WER: 0.43925875425338745; val_loss: 5.124095439910889; val_CER: 0.4947530925273895; val_WER: 0.8271604776382446
2023-12-10 22:48:57,772 - root - INFO - Epoch 70; loss: 2.307375431060791; CER: 0.2457447052001953; WER: 0.41523677110671997; val_loss: 4.887242317199707; val_CER: 0.5044239163398743; val_WER: 0.8271604776382446
2023-12-10 22:49:11,646 - root - INFO - Epoch 71; loss: 2.2177066802978516; CER: 0.2291695773601532; WER: 0.4021962881088257; val_loss: 4.84003210067749; val_CER: 0.4798354208469391; val_WER: 0.8148148059844971
2023-12-10 22:49:24,525 - root - INFO - Epoch 72; loss: 2.2504589557647705; CER: 0.2372339963912964; WER: 0.4111187160015106; val_loss: 4.447761535644531; val_CER: 0.46697527170181274; val_WER: 0.8086419701576233
2023-12-10 22:49:37,024 - root - INFO - Epoch 73; loss: 2.1408355236053467; CER: 0.2213452011346817; WER: 0.3919011652469635; val_loss: 4.95542573928833; val_CER: 0.46800410747528076; val_WER: 0.8271604776382446
2023-12-10 22:49:49,673 - root - INFO - Epoch 74; loss: 2.086886405944824; CER: 0.21548840403556824; WER: 0.3843514025211334; val_loss: 4.82871675491333; val_CER: 0.42016464471817017; val_WER: 0.7962962985038757
2023-12-10 22:50:02,238 - root - INFO - Epoch 75; loss: 2.054307460784912; CER: 0.22267216444015503; WER: 0.3967055380344391; val_loss: 5.161273956298828; val_CER: 0.49526748061180115; val_WER: 0.8395061492919922
2023-12-10 22:50:14,471 - root - INFO - Epoch 76; loss: 2.051762819290161; CER: 0.21445895731449127; WER: 0.37954699993133545; val_loss: 4.3187408447265625; val_CER: 0.42633748054504395; val_WER: 0.7962962985038757
2023-12-10 22:50:26,853 - root - INFO - Epoch 77; loss: 2.060577869415283; CER: 0.21011213958263397; WER: 0.37748798727989197; val_loss: 3.886068105697632; val_CER: 0.3971193730831146; val_WER: 0.7407407760620117
2023-12-10 22:50:39,363 - root - INFO - Epoch 78; loss: 1.9130656719207764; CER: 0.2078128457069397; WER: 0.36856552958488464; val_loss: 4.451691627502441; val_CER: 0.4417695105075836; val_WER: 0.8024691343307495
2023-12-10 22:50:51,760 - root - INFO - Epoch 79; loss: 1.8526791334152222; CER: 0.19663691520690918; WER: 0.3541523516178131; val_loss: 4.5413689613342285; val_CER: 0.41296297311782837; val_WER: 0.8024691343307495
2023-12-10 22:51:04,278 - root - INFO - Epoch 80; loss: 1.904447317123413; CER: 0.19739189743995667; WER: 0.3589567542076111; val_loss: 4.613376617431641; val_CER: 0.4338477849960327; val_WER: 0.8148148059844971
2023-12-10 22:51:16,874 - root - INFO - Epoch 81; loss: 1.873462200164795; CER: 0.20082363486289978; WER: 0.3671928644180298; val_loss: 4.0033464431762695; val_CER: 0.3925926089286804; val_WER: 0.7654321193695068
2023-12-10 22:51:29,771 - root - INFO - Epoch 82; loss: 1.828555703163147; CER: 0.1922329068183899; WER: 0.3534660041332245; val_loss: 4.631042003631592; val_CER: 0.4587448537349701; val_WER: 0.8024691343307495
2023-12-10 22:51:42,542 - root - INFO - Epoch 83; loss: 1.788334608078003; CER: 0.18914440274238586; WER: 0.34728893637657166; val_loss: 4.310507297515869; val_CER: 0.38425925374031067; val_WER: 0.7716049551963806
2023-12-10 22:51:55,008 - root - INFO - Epoch 84; loss: 1.7588374614715576; CER: 0.18385954201221466; WER: 0.32875770330429077; val_loss: 4.129969120025635; val_CER: 0.385185182094574; val_WER: 0.7469136118888855
2023-12-10 22:52:07,889 - root - INFO - Epoch 85; loss: 1.6994370222091675; CER: 0.1783917099237442; WER: 0.32601234316825867; val_loss: 3.9068708419799805; val_CER: 0.3669753074645996; val_WER: 0.7160493731498718
2023-12-10 22:52:20,745 - root - INFO - Epoch 86; loss: 1.734248161315918; CER: 0.17930680513381958; WER: 0.3356211185455322; val_loss: 4.239381313323975; val_CER: 0.3669753074645996; val_WER: 0.7592592835426331
2023-12-10 22:52:33,337 - root - INFO - Epoch 87; loss: 1.6966983079910278; CER: 0.17944402992725372; WER: 0.33424845337867737; val_loss: 4.12794828414917; val_CER: 0.3800411522388458; val_WER: 0.7839506268501282
2023-12-10 22:52:46,031 - root - INFO - Epoch 88; loss: 1.6934232711791992; CER: 0.1849920004606247; WER: 0.33905282616615295; val_loss: 3.9471921920776367; val_CER: 0.3503086566925049; val_WER: 0.7037037014961243
2023-12-10 22:52:58,937 - root - INFO - Epoch 89; loss: 1.6159383058547974; CER: 0.17188286781311035; WER: 0.3081674575805664; val_loss: 4.52394962310791; val_CER: 0.4157407879829407; val_WER: 0.790123462677002
2023-12-10 22:53:11,679 - root - INFO - Epoch 90; loss: 1.6263982057571411; CER: 0.17366735637187958; WER: 0.3164035677909851; val_loss: 4.505033016204834; val_CER: 0.4203703701496124; val_WER: 0.8024691343307495
2023-12-10 22:53:24,145 - root - INFO - Epoch 91; loss: 1.5109480619430542; CER: 0.1609242856502533; WER: 0.296499639749527; val_loss: 4.2236151695251465; val_CER: 0.3808642029762268; val_WER: 0.7530864477157593
2023-12-10 22:53:36,779 - root - INFO - Epoch 92; loss: 1.5062334537506104; CER: 0.15690921247005463; WER: 0.29855868220329285; val_loss: 3.928635835647583; val_CER: 0.36615225672721863; val_WER: 0.7592592835426331
2023-12-10 22:53:49,754 - root - INFO - Epoch 93; loss: 1.5128377676010132; CER: 0.16334931552410126; WER: 0.3061084449291229; val_loss: 4.620218276977539; val_CER: 0.42273664474487305; val_WER: 0.7777777910232544
2023-12-10 22:54:02,293 - root - INFO - Epoch 94; loss: 1.4398504495620728; CER: 0.14950811862945557; WER: 0.27659574151039124; val_loss: 4.081913948059082; val_CER: 0.3880658447742462; val_WER: 0.7716049551963806
2023-12-10 22:54:14,813 - root - INFO - Epoch 95; loss: 1.5018094778060913; CER: 0.16014644503593445; WER: 0.29581332206726074; val_loss: 4.426610946655273; val_CER: 0.36985597014427185; val_WER: 0.7716049551963806
2023-12-10 22:54:27,564 - root - INFO - Epoch 96; loss: 1.441473126411438; CER: 0.15821321308612823; WER: 0.30679476261138916; val_loss: 4.239565849304199; val_CER: 0.3867284059524536; val_WER: 0.7777777910232544
2023-12-10 22:54:40,348 - root - INFO - Epoch 97; loss: 1.4112087488174438; CER: 0.1539807915687561; WER: 0.2889498770236969; val_loss: 4.248214244842529; val_CER: 0.3844650685787201; val_WER: 0.7962962985038757
2023-12-10 22:54:52,817 - root - INFO - Epoch 98; loss: 1.379185438156128; CER: 0.14256465435028076; WER: 0.2697323262691498; val_loss: 4.384134769439697; val_CER: 0.38024693727493286; val_WER: 0.7654321193695068
2023-12-10 22:55:05,340 - root - INFO - Epoch 99; loss: 1.3770419359207153; CER: 0.1483527570962906; WER: 0.2862045168876648; val_loss: 4.919127941131592; val_CER: 0.4582304358482361; val_WER: 0.8395061492919922
2023-12-10 22:55:05,630 - tf2onnx.tf_loader - WARNING - Could not search for non-variable resources. Concrete function internal representation may have changed.
2023-12-10 22:55:05,928 - tf2onnx.tfonnx - INFO - Using tensorflow=2.15.0, onnx=1.14.0, tf2onnx=1.15.1/37820d
2023-12-10 22:55:05,929 - tf2onnx.tfonnx - INFO - Using opset <onnx, 15>
2023-12-10 22:55:05,955 - tf2onnx.tf_utils - INFO - Computed 0 values for constant folding
2023-12-10 22:55:05,956 - tf2onnx.tf_utils - INFO - Computed 0 values for constant folding
2023-12-10 22:55:05,958 - tf2onnx.tf_utils - INFO - Computed 0 values for constant folding
2023-12-10 22:55:05,959 - tf2onnx.tf_utils - INFO - Computed 0 values for constant folding
2023-12-10 22:55:05,975 - tf2onnx.tf_utils - INFO - Computed 2 values for constant folding
2023-12-10 22:55:05,994 - tf2onnx.tfonnx - INFO - folding node using tf type=StridedSlice, name=model/bidirectional/forward_lstm/PartitionedCall/strided_slice
2023-12-10 22:55:05,994 - tf2onnx.tfonnx - INFO - folding node using tf type=StridedSlice, name=model/bidirectional/backward_lstm/PartitionedCall/strided_slice
2023-12-10 22:55:06,063 - tf2onnx.optimizer - INFO - Optimizing ONNX model
2023-12-10 22:55:06,282 - tf2onnx.optimizer - INFO - After optimization: BatchNormalization -18 (18->0), Cast -4 (11->7), Concat -4 (10->6), Const -129 (192->63), Expand -3 (4->1), Gather +2 (2->4), Identity -2 (2->0), Shape -1 (4->3), Slice -1 (5->4), Squeeze -3 (5->2), Transpose -81 (85->4), Unsqueeze -14 (17->3)
