2023-12-12 07:19:54,737 - root - INFO - Epoch 0; loss: 17.099355697631836; CER: 1.2361316680908203; WER: 1.0; val_loss: 11.659958839416504; val_CER: 1.0; val_WER: 1.0
2023-12-12 07:20:16,591 - root - INFO - Epoch 1; loss: 10.54126262664795; CER: 0.9771745800971985; WER: 1.0; val_loss: 10.59143352508545; val_CER: 0.9476666450500488; val_WER: 1.0
2023-12-12 07:20:38,298 - root - INFO - Epoch 2; loss: 9.938064575195312; CER: 0.953663170337677; WER: 1.0; val_loss: 10.176966667175293; val_CER: 0.9527778625488281; val_WER: 1.0
2023-12-12 07:20:59,919 - root - INFO - Epoch 3; loss: 9.608908653259277; CER: 0.9326846599578857; WER: 1.0; val_loss: 9.764203071594238; val_CER: 0.9944444894790649; val_WER: 1.0
2023-12-12 07:21:21,709 - root - INFO - Epoch 4; loss: 9.174543380737305; CER: 0.9053746461868286; WER: 1.0; val_loss: 9.270916938781738; val_CER: 0.9143334031105042; val_WER: 1.0
2023-12-12 07:21:43,471 - root - INFO - Epoch 5; loss: 9.012529373168945; CER: 0.9008526802062988; WER: 1.0; val_loss: 9.12419605255127; val_CER: 0.8862779140472412; val_WER: 1.0
2023-12-12 07:22:05,256 - root - INFO - Epoch 6; loss: 8.956208229064941; CER: 0.9045217633247375; WER: 1.0; val_loss: 9.000335693359375; val_CER: 0.8783888816833496; val_WER: 1.0
2023-12-12 07:22:26,873 - root - INFO - Epoch 7; loss: 8.878973007202148; CER: 0.9018592834472656; WER: 1.0; val_loss: 8.998221397399902; val_CER: 0.8813333511352539; val_WER: 1.0
2023-12-12 07:22:48,687 - root - INFO - Epoch 8; loss: 8.83606243133545; CER: 0.8973746299743652; WER: 1.0; val_loss: 8.875750541687012; val_CER: 0.8715556859970093; val_WER: 1.0
2023-12-12 07:23:10,321 - root - INFO - Epoch 9; loss: 8.811089515686035; CER: 0.895200252532959; WER: 1.0; val_loss: 8.94027328491211; val_CER: 0.8779444694519043; val_WER: 1.0
2023-12-12 07:23:32,218 - root - INFO - Epoch 10; loss: 8.783791542053223; CER: 0.8910985589027405; WER: 1.0; val_loss: 8.875032424926758; val_CER: 0.8748888373374939; val_WER: 1.0
2023-12-12 07:23:54,272 - root - INFO - Epoch 11; loss: 8.744855880737305; CER: 0.883840024471283; WER: 0.9996293783187866; val_loss: 8.85209846496582; val_CER: 0.8671112060546875; val_WER: 1.0
2023-12-12 07:24:15,943 - root - INFO - Epoch 12; loss: 8.723746299743652; CER: 0.8844580054283142; WER: 0.9992587566375732; val_loss: 8.802871704101562; val_CER: 0.8729445338249207; val_WER: 1.0
2023-12-12 07:24:37,780 - root - INFO - Epoch 13; loss: 8.717185974121094; CER: 0.888683021068573; WER: 0.9988880753517151; val_loss: 8.75686264038086; val_CER: 0.8659999966621399; val_WER: 1.0
2023-12-12 07:24:59,722 - root - INFO - Epoch 14; loss: 8.684244155883789; CER: 0.8842659592628479; WER: 0.9996293783187866; val_loss: 8.787979125976562; val_CER: 0.8673888444900513; val_WER: 1.0
2023-12-12 07:25:21,698 - root - INFO - Epoch 15; loss: 8.637812614440918; CER: 0.8869718909263611; WER: 0.9992587566375732; val_loss: 8.640166282653809; val_CER: 0.8844999670982361; val_WER: 1.0
2023-12-12 07:25:43,633 - root - INFO - Epoch 16; loss: 8.614324569702148; CER: 0.8786447048187256; WER: 0.9988880753517151; val_loss: 8.584895133972168; val_CER: 0.8673889636993408; val_WER: 1.0
2023-12-12 07:26:05,762 - root - INFO - Epoch 17; loss: 8.571274757385254; CER: 0.877773642539978; WER: 0.9988880753517151; val_loss: 8.6919527053833; val_CER: 0.8571110367774963; val_WER: 1.0
2023-12-12 07:26:27,702 - root - INFO - Epoch 18; loss: 8.571100234985352; CER: 0.872096836566925; WER: 0.9996293783187866; val_loss: 8.741745948791504; val_CER: 0.8748889565467834; val_WER: 1.0
2023-12-12 07:26:49,155 - root - INFO - Epoch 19; loss: 8.528891563415527; CER: 0.8649124503135681; WER: 0.9992587566375732; val_loss: 8.842933654785156; val_CER: 0.8646111488342285; val_WER: 1.0
2023-12-12 07:27:11,110 - root - INFO - Epoch 20; loss: 8.501432418823242; CER: 0.8662840127944946; WER: 0.9988880753517151; val_loss: 9.208470344543457; val_CER: 0.8760001063346863; val_WER: 0.9933333396911621
2023-12-12 07:27:33,156 - root - INFO - Epoch 21; loss: 8.474248886108398; CER: 0.8651716709136963; WER: 0.9985174536705017; val_loss: 8.741329193115234; val_CER: 0.871666669845581; val_WER: 0.9933333396911621
2023-12-12 07:27:54,981 - root - INFO - Epoch 22; loss: 8.401625633239746; CER: 0.84701007604599; WER: 0.9985174536705017; val_loss: 8.641373634338379; val_CER: 0.8633888959884644; val_WER: 1.0
2023-12-12 07:28:17,096 - root - INFO - Epoch 23; loss: 8.382332801818848; CER: 0.8443537950515747; WER: 0.9970348477363586; val_loss: 8.708108901977539; val_CER: 0.8496111631393433; val_WER: 1.0
2023-12-12 07:28:39,174 - root - INFO - Epoch 24; loss: 8.342023849487305; CER: 0.8395848870277405; WER: 0.9974055290222168; val_loss: 8.801621437072754; val_CER: 0.8625555634498596; val_WER: 0.9933333396911621
2023-12-12 07:29:01,352 - root - INFO - Epoch 25; loss: 8.231546401977539; CER: 0.8258895874023438; WER: 0.9959229230880737; val_loss: 8.70655345916748; val_CER: 0.8723889589309692; val_WER: 1.0
2023-12-12 07:29:23,729 - root - INFO - Epoch 26; loss: 8.15613079071045; CER: 0.8158453106880188; WER: 0.9966642260551453; val_loss: 8.550492286682129; val_CER: 0.8296112418174744; val_WER: 1.0
2023-12-12 07:29:45,459 - root - INFO - Epoch 27; loss: 8.0410795211792; CER: 0.8031750917434692; WER: 0.9944403767585754; val_loss: 8.380274772644043; val_CER: 0.8328333497047424; val_WER: 1.0
2023-12-12 07:30:07,526 - root - INFO - Epoch 28; loss: 7.924220085144043; CER: 0.7888867855072021; WER: 0.9940696954727173; val_loss: 8.580584526062012; val_CER: 0.8168334364891052; val_WER: 1.0
2023-12-12 07:30:29,612 - root - INFO - Epoch 29; loss: 7.729175090789795; CER: 0.772436261177063; WER: 0.9911045432090759; val_loss: 8.179854393005371; val_CER: 0.7903334498405457; val_WER: 1.0
2023-12-12 07:30:51,679 - root - INFO - Epoch 30; loss: 7.5953874588012695; CER: 0.7642884254455566; WER: 0.992587149143219; val_loss: 8.251639366149902; val_CER: 0.7729445695877075; val_WER: 0.996666669845581
2023-12-12 07:31:13,765 - root - INFO - Epoch 31; loss: 7.51054048538208; CER: 0.7548305988311768; WER: 0.9888806939125061; val_loss: 7.788681507110596; val_CER: 0.734333336353302; val_WER: 0.9833333492279053
2023-12-12 07:31:35,695 - root - INFO - Epoch 32; loss: 7.319594860076904; CER: 0.7442116737365723; WER: 0.9855448603630066; val_loss: 7.947361946105957; val_CER: 0.7687778472900391; val_WER: 0.9933333396911621
2023-12-12 07:31:57,631 - root - INFO - Epoch 33; loss: 7.193819046020508; CER: 0.725346028804779; WER: 0.9803558588027954; val_loss: 7.630237579345703; val_CER: 0.7346110939979553; val_WER: 0.9933333396911621
2023-12-12 07:32:19,679 - root - INFO - Epoch 34; loss: 6.997140884399414; CER: 0.7027550935745239; WER: 0.9740548729896545; val_loss: 7.298175811767578; val_CER: 0.7143334150314331; val_WER: 0.9833333492279053
2023-12-12 07:32:41,749 - root - INFO - Epoch 35; loss: 6.832939147949219; CER: 0.6923648118972778; WER: 0.9673832654953003; val_loss: 7.326037406921387; val_CER: 0.703000009059906; val_WER: 0.9866666793823242
2023-12-12 07:33:03,682 - root - INFO - Epoch 36; loss: 6.671871185302734; CER: 0.6784840226173401; WER: 0.9681245684623718; val_loss: 7.281001091003418; val_CER: 0.7243334054946899; val_WER: 0.9900000095367432
2023-12-12 07:33:25,758 - root - INFO - Epoch 37; loss: 6.49025821685791; CER: 0.6627192497253418; WER: 0.9677539467811584; val_loss: 6.872506141662598; val_CER: 0.6697778701782227; val_WER: 0.9866666793823242
2023-12-12 07:33:47,860 - root - INFO - Epoch 38; loss: 6.376399040222168; CER: 0.646577775478363; WER: 0.9588584303855896; val_loss: 6.548493385314941; val_CER: 0.6439444422721863; val_WER: 0.9700000286102295
2023-12-12 07:34:09,860 - root - INFO - Epoch 39; loss: 6.241559028625488; CER: 0.6356808543205261; WER: 0.9536694288253784; val_loss: 6.737538814544678; val_CER: 0.6532222032546997; val_WER: 0.9733333587646484
2023-12-12 07:34:31,992 - root - INFO - Epoch 40; loss: 6.087841033935547; CER: 0.6237092614173889; WER: 0.949221670627594; val_loss: 6.488071918487549; val_CER: 0.6185000538825989; val_WER: 0.9700000286102295
2023-12-12 07:34:53,911 - root - INFO - Epoch 41; loss: 5.932050704956055; CER: 0.6025760173797607; WER: 0.936619758605957; val_loss: 6.711317539215088; val_CER: 0.6691111922264099; val_WER: 0.9766666889190674
2023-12-12 07:35:16,560 - root - INFO - Epoch 42; loss: 5.842215061187744; CER: 0.5960837602615356; WER: 0.9306894540786743; val_loss: 6.541778564453125; val_CER: 0.6410556435585022; val_WER: 0.9633333683013916
2023-12-12 07:35:41,234 - root - INFO - Epoch 43; loss: 5.640211582183838; CER: 0.5819063186645508; WER: 0.9236471652984619; val_loss: 6.037379741668701; val_CER: 0.6100556254386902; val_WER: 0.9600000381469727
2023-12-12 07:36:06,347 - root - INFO - Epoch 44; loss: 5.579775810241699; CER: 0.5724055171012878; WER: 0.9229058623313904; val_loss: 5.800400257110596; val_CER: 0.5722777843475342; val_WER: 0.9333333373069763
2023-12-12 07:36:31,592 - root - INFO - Epoch 45; loss: 5.448611259460449; CER: 0.5531320571899414; WER: 0.9206820130348206; val_loss: 5.740394592285156; val_CER: 0.5587778091430664; val_WER: 0.9200000166893005
2023-12-12 07:36:56,739 - root - INFO - Epoch 46; loss: 5.259382247924805; CER: 0.5451507568359375; WER: 0.9077094197273254; val_loss: 5.537856101989746; val_CER: 0.5560556054115295; val_WER: 0.9233333468437195
2023-12-12 07:37:22,202 - root - INFO - Epoch 47; loss: 5.165534973144531; CER: 0.5376821756362915; WER: 0.9025204181671143; val_loss: 5.706330299377441; val_CER: 0.5606110692024231; val_WER: 0.9366666674613953
2023-12-12 07:37:48,081 - root - INFO - Epoch 48; loss: 5.060110569000244; CER: 0.5267049670219421; WER: 0.8851001262664795; val_loss: 5.439249038696289; val_CER: 0.5174444317817688; val_WER: 0.9066666960716248
2023-12-12 07:38:13,868 - root - INFO - Epoch 49; loss: 4.979050159454346; CER: 0.5153015851974487; WER: 0.8758339881896973; val_loss: 5.125686168670654; val_CER: 0.5132777690887451; val_WER: 0.9066666960716248
2023-12-12 07:38:14,142 - tf2onnx.tf_loader - WARNING - Could not search for non-variable resources. Concrete function internal representation may have changed.
2023-12-12 07:38:14,440 - tf2onnx.tfonnx - INFO - Using tensorflow=2.15.0, onnx=1.14.0, tf2onnx=1.15.1/37820d
2023-12-12 07:38:14,440 - tf2onnx.tfonnx - INFO - Using opset <onnx, 15>
2023-12-12 07:38:14,465 - tf2onnx.tf_utils - INFO - Computed 0 values for constant folding
2023-12-12 07:38:14,467 - tf2onnx.tf_utils - INFO - Computed 0 values for constant folding
2023-12-12 07:38:14,468 - tf2onnx.tf_utils - INFO - Computed 0 values for constant folding
2023-12-12 07:38:14,468 - tf2onnx.tf_utils - INFO - Computed 0 values for constant folding
2023-12-12 07:38:14,486 - tf2onnx.tf_utils - INFO - Computed 2 values for constant folding
2023-12-12 07:38:14,505 - tf2onnx.tfonnx - INFO - folding node using tf type=StridedSlice, name=model/bidirectional/forward_lstm/PartitionedCall/strided_slice
2023-12-12 07:38:14,505 - tf2onnx.tfonnx - INFO - folding node using tf type=StridedSlice, name=model/bidirectional/backward_lstm/PartitionedCall/strided_slice
2023-12-12 07:38:14,574 - tf2onnx.optimizer - INFO - Optimizing ONNX model
2023-12-12 07:38:14,782 - tf2onnx.optimizer - INFO - After optimization: BatchNormalization -18 (18->0), Cast -4 (11->7), Concat -4 (10->6), Const -129 (192->63), Expand -3 (4->1), Gather +2 (2->4), Identity -2 (2->0), Shape -1 (4->3), Slice -1 (5->4), Squeeze -3 (5->2), Transpose -81 (85->4), Unsqueeze -14 (17->3)
