2023-12-12 07:56:06,895 - root - INFO - Epoch 0; loss: 16.8441104888916; CER: 1.2458680868148804; WER: 1.0; val_loss: 11.272388458251953; val_CER: 1.0; val_WER: 1.0
2023-12-12 07:56:36,307 - root - INFO - Epoch 1; loss: 10.043726921081543; CER: 0.9433531761169434; WER: 1.0; val_loss: 9.779297828674316; val_CER: 0.9495832324028015; val_WER: 1.0
2023-12-12 07:57:05,642 - root - INFO - Epoch 2; loss: 9.558379173278809; CER: 0.9082869291305542; WER: 1.0; val_loss: 9.474692344665527; val_CER: 0.937833309173584; val_WER: 1.0
2023-12-12 07:57:35,004 - root - INFO - Epoch 3; loss: 9.458209991455078; CER: 0.9066845774650574; WER: 1.0; val_loss: 9.398351669311523; val_CER: 0.9109582901000977; val_WER: 1.0
2023-12-12 07:58:05,103 - root - INFO - Epoch 4; loss: 9.401532173156738; CER: 0.9044886231422424; WER: 1.0; val_loss: 9.374815940856934; val_CER: 0.9155416488647461; val_WER: 1.0
2023-12-12 07:58:35,003 - root - INFO - Epoch 5; loss: 9.376562118530273; CER: 0.901000440120697; WER: 1.0; val_loss: 9.383156776428223; val_CER: 0.905250072479248; val_WER: 1.0
2023-12-12 07:59:03,941 - root - INFO - Epoch 6; loss: 9.319576263427734; CER: 0.9012279510498047; WER: 1.0; val_loss: 9.368477821350098; val_CER: 0.9057501554489136; val_WER: 1.0
2023-12-12 07:59:32,433 - root - INFO - Epoch 7; loss: 9.186067581176758; CER: 0.8964328765869141; WER: 1.0; val_loss: 8.671972274780273; val_CER: 0.9122499823570251; val_WER: 1.0
2023-12-12 08:00:01,219 - root - INFO - Epoch 8; loss: 8.491684913635254; CER: 0.8996989130973816; WER: 0.9991661906242371; val_loss: 8.471884727478027; val_CER: 0.8970833420753479; val_WER: 0.9975000023841858
2023-12-12 08:00:29,813 - root - INFO - Epoch 9; loss: 8.426153182983398; CER: 0.8970306515693665; WER: 0.9988882541656494; val_loss: 8.389562606811523; val_CER: 0.8969999551773071; val_WER: 1.0
2023-12-12 08:00:58,258 - root - INFO - Epoch 10; loss: 8.395339012145996; CER: 0.9005510210990906; WER: 0.9997220635414124; val_loss: 8.424758911132812; val_CER: 0.8897082209587097; val_WER: 0.9975000023841858
2023-12-12 08:01:27,026 - root - INFO - Epoch 11; loss: 8.352537155151367; CER: 0.8920560479164124; WER: 0.9988882541656494; val_loss: 8.361340522766113; val_CER: 0.8932917714118958; val_WER: 1.0
2023-12-12 08:01:55,864 - root - INFO - Epoch 12; loss: 8.350688934326172; CER: 0.8968639373779297; WER: 0.9988882541656494; val_loss: 8.372035026550293; val_CER: 0.8950416445732117; val_WER: 0.9975000023841858
2023-12-12 08:02:24,745 - root - INFO - Epoch 13; loss: 8.320328712463379; CER: 0.8937370777130127; WER: 0.9986103177070618; val_loss: 8.381071090698242; val_CER: 0.8911665678024292; val_WER: 0.9975000023841858
2023-12-12 08:02:53,411 - root - INFO - Epoch 14; loss: 8.287092208862305; CER: 0.8830370306968689; WER: 0.9991661906242371; val_loss: 8.293375968933105; val_CER: 0.8939999341964722; val_WER: 1.0
2023-12-12 08:03:22,177 - root - INFO - Epoch 15; loss: 8.22551155090332; CER: 0.8698630332946777; WER: 0.9980544447898865; val_loss: 8.246747970581055; val_CER: 0.8829583525657654; val_WER: 0.9975000023841858
2023-12-12 08:03:50,978 - root - INFO - Epoch 16; loss: 8.151163101196289; CER: 0.8641932606697083; WER: 0.9974985718727112; val_loss: 8.331446647644043; val_CER: 0.8864999413490295; val_WER: 0.9975000023841858
2023-12-12 08:04:20,253 - root - INFO - Epoch 17; loss: 8.044164657592773; CER: 0.8532381057739258; WER: 0.9977765083312988; val_loss: 8.053671836853027; val_CER: 0.8736665844917297; val_WER: 1.0
2023-12-12 08:04:49,167 - root - INFO - Epoch 18; loss: 7.9228620529174805; CER: 0.8483091592788696; WER: 0.9980544447898865; val_loss: 7.828794956207275; val_CER: 0.8608750104904175; val_WER: 0.9975000023841858
2023-12-12 08:05:18,033 - root - INFO - Epoch 19; loss: 7.771960258483887; CER: 0.8346026539802551; WER: 0.9974985718727112; val_loss: 7.782333850860596; val_CER: 0.8444998264312744; val_WER: 0.9975000023841858
2023-12-12 08:05:46,732 - root - INFO - Epoch 20; loss: 7.5703301429748535; CER: 0.808073878288269; WER: 0.9944413304328918; val_loss: 7.701274394989014; val_CER: 0.8378332853317261; val_WER: 0.9925000071525574
2023-12-12 08:06:15,372 - root - INFO - Epoch 21; loss: 7.415243148803711; CER: 0.8040948510169983; WER: 0.9963868856430054; val_loss: 7.2238922119140625; val_CER: 0.8087499141693115; val_WER: 0.9925000071525574
2023-12-12 08:06:44,201 - root - INFO - Epoch 22; loss: 7.218371868133545; CER: 0.7862422466278076; WER: 0.9947192668914795; val_loss: 7.000887393951416; val_CER: 0.7716667056083679; val_WER: 0.9950000047683716
2023-12-12 08:07:12,932 - root - INFO - Epoch 23; loss: 7.051534175872803; CER: 0.7687141299247742; WER: 0.9927737712860107; val_loss: 6.901865482330322; val_CER: 0.7520833611488342; val_WER: 0.98499995470047
2023-12-12 08:07:41,823 - root - INFO - Epoch 24; loss: 6.87797212600708; CER: 0.7490598559379578; WER: 0.9858254194259644; val_loss: 6.9810004234313965; val_CER: 0.7658751010894775; val_WER: 0.9874999523162842
2023-12-12 08:08:11,049 - root - INFO - Epoch 25; loss: 6.765083312988281; CER: 0.7336667776107788; WER: 0.9852696061134338; val_loss: 6.699961185455322; val_CER: 0.7279167175292969; val_WER: 0.9824999570846558
2023-12-12 08:08:40,186 - root - INFO - Epoch 26; loss: 6.573321342468262; CER: 0.7165558338165283; WER: 0.9849916696548462; val_loss: 6.389524459838867; val_CER: 0.7145832777023315; val_WER: 0.9874999523162842
2023-12-12 08:09:09,170 - root - INFO - Epoch 27; loss: 6.3969621658325195; CER: 0.6941124200820923; WER: 0.9780433177947998; val_loss: 6.28840970993042; val_CER: 0.6739583611488342; val_WER: 0.9574999809265137
2023-12-12 08:09:38,149 - root - INFO - Epoch 28; loss: 6.257570266723633; CER: 0.6814939975738525; WER: 0.9763757586479187; val_loss: 6.182399272918701; val_CER: 0.6751249432563782; val_WER: 0.9749999642372131
2023-12-12 08:10:07,182 - root - INFO - Epoch 29; loss: 6.049297332763672; CER: 0.6576386094093323; WER: 0.9672039747238159; val_loss: 6.216065406799316; val_CER: 0.6885417699813843; val_WER: 0.9699999690055847
2023-12-12 08:10:36,514 - root - INFO - Epoch 30; loss: 5.837228298187256; CER: 0.6333796977996826; WER: 0.9555308222770691; val_loss: 5.941190242767334; val_CER: 0.6360416412353516; val_WER: 0.9399999976158142
2023-12-12 08:11:05,965 - root - INFO - Epoch 31; loss: 5.703801155090332; CER: 0.6176763772964478; WER: 0.9524735808372498; val_loss: 5.680198669433594; val_CER: 0.6187499761581421; val_WER: 0.9449999928474426
2023-12-12 08:11:35,242 - root - INFO - Epoch 32; loss: 5.523900985717773; CER: 0.5973041653633118; WER: 0.936631441116333; val_loss: 7.361602783203125; val_CER: 0.7857498526573181; val_WER: 0.9950000047683716
2023-12-12 08:12:04,516 - root - INFO - Epoch 33; loss: 5.333062648773193; CER: 0.5753565430641174; WER: 0.9246803522109985; val_loss: 5.2284674644470215; val_CER: 0.5612500309944153; val_WER: 0.9099999666213989
2023-12-12 08:12:34,106 - root - INFO - Epoch 34; loss: 5.165771484375; CER: 0.5587640404701233; WER: 0.9238465428352356; val_loss: 4.935561656951904; val_CER: 0.5321249961853027; val_WER: 0.8849999904632568
2023-12-12 08:13:03,169 - root - INFO - Epoch 35; loss: 5.013843536376953; CER: 0.5324022173881531; WER: 0.8991106152534485; val_loss: 5.22176456451416; val_CER: 0.5765833258628845; val_WER: 0.9174999594688416
2023-12-12 08:13:32,234 - root - INFO - Epoch 36; loss: 4.801052570343018; CER: 0.5121687054634094; WER: 0.883824348449707; val_loss: 5.005165100097656; val_CER: 0.5264999866485596; val_WER: 0.8700000047683716
2023-12-12 08:14:01,298 - root - INFO - Epoch 37; loss: 4.630553245544434; CER: 0.4943441152572632; WER: 0.8688160181045532; val_loss: 4.426419258117676; val_CER: 0.46387502551078796; val_WER: 0.8100000023841858
2023-12-12 08:14:30,479 - root - INFO - Epoch 38; loss: 4.443130970001221; CER: 0.472623735666275; WER: 0.8385213613510132; val_loss: 4.278999328613281; val_CER: 0.461291640996933; val_WER: 0.8274999856948853
2023-12-12 08:14:59,231 - root - INFO - Epoch 39; loss: 4.327997207641602; CER: 0.4539789855480194; WER: 0.8268482089042664; val_loss: 4.304821491241455; val_CER: 0.4677915871143341; val_WER: 0.8100000023841858
2023-12-12 08:15:28,074 - root - INFO - Epoch 40; loss: 4.119087219238281; CER: 0.4334584176540375; WER: 0.8079488277435303; val_loss: 4.120734691619873; val_CER: 0.4273749887943268; val_WER: 0.7824999690055847
2023-12-12 08:15:56,804 - root - INFO - Epoch 41; loss: 4.0200629234313965; CER: 0.42025676369667053; WER: 0.7898832559585571; val_loss: 4.164944171905518; val_CER: 0.44966670870780945; val_WER: 0.7899999618530273
2023-12-12 08:16:25,536 - root - INFO - Epoch 42; loss: 3.886063575744629; CER: 0.4117564260959625; WER: 0.7832129001617432; val_loss: 4.029514312744141; val_CER: 0.4104999899864197; val_WER: 0.7425000071525574
2023-12-12 08:16:54,273 - root - INFO - Epoch 43; loss: 3.760509967803955; CER: 0.39392706751823425; WER: 0.7576431035995483; val_loss: 3.671410083770752; val_CER: 0.37958329916000366; val_WER: 0.699999988079071
2023-12-12 08:17:22,590 - root - INFO - Epoch 44; loss: 3.6767711639404297; CER: 0.3838012218475342; WER: 0.7398554682731628; val_loss: 4.136345863342285; val_CER: 0.4334583580493927; val_WER: 0.7724999785423279
2023-12-12 08:17:51,194 - root - INFO - Epoch 45; loss: 3.555797576904297; CER: 0.3703770339488983; WER: 0.7295719981193542; val_loss: 3.432246208190918; val_CER: 0.3612499535083771; val_WER: 0.6624999642372131
2023-12-12 08:18:19,842 - root - INFO - Epoch 46; loss: 3.4227561950683594; CER: 0.36290067434310913; WER: 0.7167870998382568; val_loss: 3.557396411895752; val_CER: 0.3866666257381439; val_WER: 0.7124999761581421
2023-12-12 08:18:48,540 - root - INFO - Epoch 47; loss: 3.3372061252593994; CER: 0.3491058945655823; WER: 0.6903835535049438; val_loss: 3.3668222427368164; val_CER: 0.3579166829586029; val_WER: 0.6800000071525574
2023-12-12 08:19:17,330 - root - INFO - Epoch 48; loss: 3.2495028972625732; CER: 0.3407541811466217; WER: 0.6798220872879028; val_loss: 3.2448697090148926; val_CER: 0.34279167652130127; val_WER: 0.6424999833106995
2023-12-12 08:19:46,209 - root - INFO - Epoch 49; loss: 3.160240888595581; CER: 0.3365805149078369; WER: 0.6759310364723206; val_loss: 3.384587049484253; val_CER: 0.3712083399295807; val_WER: 0.7149999737739563
2023-12-12 08:20:14,945 - root - INFO - Epoch 50; loss: 3.086117744445801; CER: 0.3244625926017761; WER: 0.6520289182662964; val_loss: 3.1914327144622803; val_CER: 0.34354168176651; val_WER: 0.6649999618530273
2023-12-12 08:20:43,789 - root - INFO - Epoch 51; loss: 3.01326847076416; CER: 0.31257176399230957; WER: 0.6339632868766785; val_loss: 3.1298539638519287; val_CER: 0.3292916715145111; val_WER: 0.612500011920929
2023-12-12 08:21:12,444 - root - INFO - Epoch 52; loss: 2.9085309505462646; CER: 0.3021121919155121; WER: 0.6275708675384521; val_loss: 3.330592632293701; val_CER: 0.3528333604335785; val_WER: 0.6949999928474426
2023-12-12 08:21:41,436 - root - INFO - Epoch 53; loss: 2.8300774097442627; CER: 0.29382994771003723; WER: 0.6108949184417725; val_loss: 2.9941344261169434; val_CER: 0.30933332443237305; val_WER: 0.6049999594688416
2023-12-12 08:22:10,205 - root - INFO - Epoch 54; loss: 2.7533137798309326; CER: 0.27925699949264526; WER: 0.5925514101982117; val_loss: 3.3121519088745117; val_CER: 0.3542500138282776; val_WER: 0.6599999666213989
2023-12-12 08:22:38,794 - root - INFO - Epoch 55; loss: 2.693889856338501; CER: 0.2835139036178589; WER: 0.5856031179428101; val_loss: 2.940995216369629; val_CER: 0.3113749921321869; val_WER: 0.6024999618530273
2023-12-12 08:23:07,657 - root - INFO - Epoch 56; loss: 2.655468225479126; CER: 0.2746478319168091; WER: 0.5825458765029907; val_loss: 2.8539586067199707; val_CER: 0.2939583361148834; val_WER: 0.5824999809265137
2023-12-12 08:23:36,404 - root - INFO - Epoch 57; loss: 2.5942234992980957; CER: 0.2680470049381256; WER: 0.569205105304718; val_loss: 2.7537171840667725; val_CER: 0.289000004529953; val_WER: 0.5674999952316284
2023-12-12 08:24:04,945 - root - INFO - Epoch 58; loss: 2.5232560634613037; CER: 0.2574763596057892; WER: 0.5458588004112244; val_loss: 4.2344465255737305; val_CER: 0.421375036239624; val_WER: 0.7324999570846558
2023-12-12 08:24:33,307 - root - INFO - Epoch 59; loss: 2.467611074447632; CER: 0.24991199374198914; WER: 0.5361312031745911; val_loss: 3.3337602615356445; val_CER: 0.3318333327770233; val_WER: 0.625
2023-12-12 08:25:01,916 - root - INFO - Epoch 60; loss: 2.4278039932250977; CER: 0.25427553057670593; WER: 0.5322401523590088; val_loss: 2.9246809482574463; val_CER: 0.28945833444595337; val_WER: 0.5824999809265137
2023-12-12 08:25:30,497 - root - INFO - Epoch 61; loss: 2.3288896083831787; CER: 0.23843345046043396; WER: 0.5113952159881592; val_loss: 2.9318363666534424; val_CER: 0.30545833706855774; val_WER: 0.5799999833106995
2023-12-12 08:25:59,135 - root - INFO - Epoch 62; loss: 2.332596778869629; CER: 0.2433064579963684; WER: 0.516398012638092; val_loss: 2.7587203979492188; val_CER: 0.2640833258628845; val_WER: 0.5224999785423279
2023-12-12 08:26:27,551 - root - INFO - Epoch 63; loss: 2.2473764419555664; CER: 0.230025976896286; WER: 0.4880489110946655; val_loss: 2.598144054412842; val_CER: 0.2720000147819519; val_WER: 0.5349999666213989
2023-12-12 08:26:56,008 - root - INFO - Epoch 64; loss: 2.2175889015197754; CER: 0.22784419357776642; WER: 0.4877709746360779; val_loss: 2.5440776348114014; val_CER: 0.2710416615009308; val_WER: 0.5450000166893005
2023-12-12 08:27:24,236 - root - INFO - Epoch 65; loss: 2.1587393283843994; CER: 0.2211599349975586; WER: 0.4813785254955292; val_loss: 2.8008852005004883; val_CER: 0.28720831871032715; val_WER: 0.5575000047683716
2023-12-12 08:27:52,798 - root - INFO - Epoch 66; loss: 2.1562094688415527; CER: 0.2220400720834732; WER: 0.47720956802368164; val_loss: 2.5186691284179688; val_CER: 0.2562916576862335; val_WER: 0.5074999928474426
2023-12-12 08:28:21,531 - root - INFO - Epoch 67; loss: 2.1150896549224854; CER: 0.21323426067829132; WER: 0.4635908901691437; val_loss: 2.5069408416748047; val_CER: 0.25170832872390747; val_WER: 0.4899999797344208
2023-12-12 08:28:50,242 - root - INFO - Epoch 68; loss: 2.0505807399749756; CER: 0.20879198610782623; WER: 0.46108949184417725; val_loss: 2.738656759262085; val_CER: 0.28850001096725464; val_WER: 0.5600000023841858
2023-12-12 08:29:18,976 - root - INFO - Epoch 69; loss: 2.007626533508301; CER: 0.206563800573349; WER: 0.45080599188804626; val_loss: 2.6159486770629883; val_CER: 0.273375004529953; val_WER: 0.5249999761581421
2023-12-12 08:29:47,496 - root - INFO - Epoch 70; loss: 1.957154393196106; CER: 0.19944413006305695; WER: 0.43913283944129944; val_loss: 2.7922706604003906; val_CER: 0.2928750216960907; val_WER: 0.5824999809265137
2023-12-12 08:30:16,250 - root - INFO - Epoch 71; loss: 1.930616021156311; CER: 0.19844362139701843; WER: 0.4349638521671295; val_loss: 2.5875978469848633; val_CER: 0.2511250078678131; val_WER: 0.5049999952316284
2023-12-12 08:30:45,015 - root - INFO - Epoch 72; loss: 1.8639099597930908; CER: 0.18986469507217407; WER: 0.43162867426872253; val_loss: 2.3741116523742676; val_CER: 0.23687495291233063; val_WER: 0.48749998211860657
2023-12-12 08:31:13,668 - root - INFO - Epoch 73; loss: 1.918859839439392; CER: 0.19493234157562256; WER: 0.4388549029827118; val_loss: 2.3000378608703613; val_CER: 0.23629167675971985; val_WER: 0.4675000011920929
2023-12-12 08:31:42,081 - root - INFO - Epoch 74; loss: 1.8431200981140137; CER: 0.18525570631027222; WER: 0.4091161787509918; val_loss: 2.4448599815368652; val_CER: 0.24299998581409454; val_WER: 0.4724999964237213
2023-12-12 08:32:10,572 - root - INFO - Epoch 75; loss: 1.8127217292785645; CER: 0.1828654706478119; WER: 0.41050583124160767; val_loss: 2.3232533931732178; val_CER: 0.2369166761636734; val_WER: 0.4724999964237213
2023-12-12 08:32:39,127 - root - INFO - Epoch 76; loss: 1.7411117553710938; CER: 0.1772465854883194; WER: 0.4018899202346802; val_loss: 2.3225479125976562; val_CER: 0.23245835304260254; val_WER: 0.4699999988079071
2023-12-12 08:33:07,776 - root - INFO - Epoch 77; loss: 1.7682304382324219; CER: 0.17684362828731537; WER: 0.40689271688461304; val_loss: 2.3380866050720215; val_CER: 0.23058335483074188; val_WER: 0.45499998331069946
2023-12-12 08:33:36,438 - root - INFO - Epoch 78; loss: 1.7144250869750977; CER: 0.17407813668251038; WER: 0.39605334401130676; val_loss: 2.3462443351745605; val_CER: 0.22841668128967285; val_WER: 0.4699999988079071
2023-12-12 08:34:05,087 - root - INFO - Epoch 79; loss: 1.730249047279358; CER: 0.17600521445274353; WER: 0.38688158988952637; val_loss: 2.3837358951568604; val_CER: 0.24037498235702515; val_WER: 0.47749999165534973
2023-12-12 08:34:33,490 - root - INFO - Epoch 80; loss: 1.6669648885726929; CER: 0.17097920179367065; WER: 0.3852140009403229; val_loss: 2.3416831493377686; val_CER: 0.22850002348423004; val_WER: 0.4675000011920929
2023-12-12 08:35:02,097 - root - INFO - Epoch 81; loss: 1.622339129447937; CER: 0.1601584255695343; WER: 0.3646470308303833; val_loss: 2.3479864597320557; val_CER: 0.22050000727176666; val_WER: 0.4424999952316284
2023-12-12 08:35:30,536 - root - INFO - Epoch 82; loss: 1.6043022871017456; CER: 0.16029278934001923; WER: 0.36603668332099915; val_loss: 2.2454397678375244; val_CER: 0.23104165494441986; val_WER: 0.47999998927116394
2023-12-12 08:35:58,970 - root - INFO - Epoch 83; loss: 1.5486180782318115; CER: 0.1557578146457672; WER: 0.36020010709762573; val_loss: 2.2429938316345215; val_CER: 0.21170833706855774; val_WER: 0.4325000047683716
2023-12-12 08:36:27,260 - root - INFO - Epoch 84; loss: 1.5956534147262573; CER: 0.15604041516780853; WER: 0.3582545816898346; val_loss: 2.332031011581421; val_CER: 0.22587500512599945; val_WER: 0.45499998331069946
2023-12-12 08:36:55,541 - root - INFO - Epoch 85; loss: 1.5112919807434082; CER: 0.14911524951457977; WER: 0.3432462513446808; val_loss: 2.3893039226531982; val_CER: 0.2280833125114441; val_WER: 0.4624999761581421
2023-12-12 08:37:23,602 - root - INFO - Epoch 86; loss: 1.4986701011657715; CER: 0.14930520951747894; WER: 0.34713730216026306; val_loss: 2.2097690105438232; val_CER: 0.20766668021678925; val_WER: 0.4274999797344208
2023-12-12 08:37:52,103 - root - INFO - Epoch 87; loss: 1.4653400182724; CER: 0.1509542018175125; WER: 0.34408003091812134; val_loss: 2.3411858081817627; val_CER: 0.22687497735023499; val_WER: 0.4624999761581421
2023-12-12 08:38:20,684 - root - INFO - Epoch 88; loss: 1.4510771036148071; CER: 0.14609038829803467; WER: 0.3387993276119232; val_loss: 2.2680978775024414; val_CER: 0.21391667425632477; val_WER: 0.42499998211860657
2023-12-12 08:38:49,456 - root - INFO - Epoch 89; loss: 1.4489929676055908; CER: 0.14428848028182983; WER: 0.334074467420578; val_loss: 2.2029237747192383; val_CER: 0.21954165399074554; val_WER: 0.4424999952316284
2023-12-12 08:39:18,042 - root - INFO - Epoch 90; loss: 1.4879176616668701; CER: 0.14861033856868744; WER: 0.34574761986732483; val_loss: 2.303173542022705; val_CER: 0.22120831906795502; val_WER: 0.4274999797344208
2023-12-12 08:39:46,732 - root - INFO - Epoch 91; loss: 1.3775352239608765; CER: 0.137456014752388; WER: 0.32518064975738525; val_loss: 2.43031907081604; val_CER: 0.24154168367385864; val_WER: 0.44999998807907104
2023-12-12 08:40:15,434 - root - INFO - Epoch 92; loss: 1.4109255075454712; CER: 0.14110612869262695; WER: 0.3296275734901428; val_loss: 2.237314462661743; val_CER: 0.21541666984558105; val_WER: 0.4325000047683716
2023-12-12 08:40:43,917 - root - INFO - Epoch 93; loss: 1.3857060670852661; CER: 0.14044836163520813; WER: 0.33324068784713745; val_loss: 2.6161293983459473; val_CER: 0.2631250023841858; val_WER: 0.5049999952316284
2023-12-12 08:41:12,851 - root - INFO - Epoch 94; loss: 1.3723948001861572; CER: 0.13927185535430908; WER: 0.3243468403816223; val_loss: 2.137937307357788; val_CER: 0.21545828878879547; val_WER: 0.41499999165534973
2023-12-12 08:41:42,401 - root - INFO - Epoch 95; loss: 1.348359227180481; CER: 0.13671022653579712; WER: 0.3224013149738312; val_loss: 2.3726301193237305; val_CER: 0.22720831632614136; val_WER: 0.45499998331069946
2023-12-12 08:42:12,216 - root - INFO - Epoch 96; loss: 1.3742564916610718; CER: 0.13891518115997314; WER: 0.32851582765579224; val_loss: 2.3016021251678467; val_CER: 0.22820833325386047; val_WER: 0.44749999046325684
2023-12-12 08:42:52,081 - root - INFO - Epoch 97; loss: 1.269478440284729; CER: 0.12861774861812592; WER: 0.3035019338130951; val_loss: 2.2369191646575928; val_CER: 0.21970830857753754; val_WER: 0.4399999976158142
2023-12-12 08:43:23,319 - root - INFO - Epoch 98; loss: 1.281496286392212; CER: 0.13027608394622803; WER: 0.3057253956794739; val_loss: 2.3939709663391113; val_CER: 0.23012499511241913; val_WER: 0.4675000011920929
2023-12-12 08:43:52,230 - root - INFO - Epoch 99; loss: 1.215964674949646; CER: 0.12213267385959625; WER: 0.29294052720069885; val_loss: 2.169840097427368; val_CER: 0.20537498593330383; val_WER: 0.41749998927116394
2023-12-12 08:44:20,671 - root - INFO - Epoch 100; loss: 1.2227412462234497; CER: 0.12080790847539902; WER: 0.29182878136634827; val_loss: 2.4920077323913574; val_CER: 0.23725000023841858; val_WER: 0.45749998092651367
2023-12-12 08:44:49,163 - root - INFO - Epoch 101; loss: 1.227649211883545; CER: 0.12482862919569016; WER: 0.28821566700935364; val_loss: 2.1023929119110107; val_CER: 0.19954167306423187; val_WER: 0.4074999988079071
2023-12-12 08:45:17,648 - root - INFO - Epoch 102; loss: 1.1806747913360596; CER: 0.11881599575281143; WER: 0.2834908366203308; val_loss: 2.1516451835632324; val_CER: 0.2019583284854889; val_WER: 0.41999998688697815
2023-12-12 08:45:46,639 - root - INFO - Epoch 103; loss: 1.214806079864502; CER: 0.12095146626234055; WER: 0.2915508449077606; val_loss: 3.195770502090454; val_CER: 0.3203749656677246; val_WER: 0.5824999809265137
2023-12-12 08:46:15,882 - root - INFO - Epoch 104; loss: 1.1677570343017578; CER: 0.11429960280656815; WER: 0.2690383493900299; val_loss: 2.074533224105835; val_CER: 0.19341668486595154; val_WER: 0.4050000011920929
2023-12-12 08:46:44,501 - root - INFO - Epoch 105; loss: 1.1131871938705444; CER: 0.11104778945446014; WER: 0.26876041293144226; val_loss: 2.2035324573516846; val_CER: 0.20766666531562805; val_WER: 0.4375
2023-12-12 08:47:12,870 - root - INFO - Epoch 106; loss: 1.1126493215560913; CER: 0.11341485381126404; WER: 0.26820454001426697; val_loss: 2.1616480350494385; val_CER: 0.2095416635274887; val_WER: 0.429999977350235
2023-12-12 08:47:41,243 - root - INFO - Epoch 107; loss: 1.0802515745162964; CER: 0.10841209441423416; WER: 0.26347970962524414; val_loss: 2.2109334468841553; val_CER: 0.20412500202655792; val_WER: 0.4074999988079071
2023-12-12 08:48:09,711 - root - INFO - Epoch 108; loss: 1.099552869796753; CER: 0.1126876175403595; WER: 0.2712618112564087; val_loss: 2.2442469596862793; val_CER: 0.20154164731502533; val_WER: 0.4124999940395355
2023-12-12 08:48:38,040 - root - INFO - Epoch 109; loss: 1.0523046255111694; CER: 0.10581810027360916; WER: 0.2551417350769043; val_loss: 2.1647725105285645; val_CER: 0.19758334755897522; val_WER: 0.41749998927116394
2023-12-12 08:49:06,427 - root - INFO - Epoch 110; loss: 1.1027932167053223; CER: 0.11045023798942566; WER: 0.2723735272884369; val_loss: 2.163661479949951; val_CER: 0.20237499475479126; val_WER: 0.4099999964237213
2023-12-12 08:49:35,026 - root - INFO - Epoch 111; loss: 1.0373629331588745; CER: 0.10420606285333633; WER: 0.258199006319046; val_loss: 2.4819447994232178; val_CER: 0.2281249761581421; val_WER: 0.44999998807907104
2023-12-12 08:50:03,406 - root - INFO - Epoch 112; loss: 1.0533807277679443; CER: 0.10603110492229462; WER: 0.2579210698604584; val_loss: 2.2720961570739746; val_CER: 0.22170832753181458; val_WER: 0.4375
2023-12-12 08:50:31,903 - root - INFO - Epoch 113; loss: 0.9916021823883057; CER: 0.0990087166428566; WER: 0.24986103177070618; val_loss: 2.175692081451416; val_CER: 0.19449999928474426; val_WER: 0.38999998569488525
2023-12-12 08:51:00,333 - root - INFO - Epoch 114; loss: 1.0781322717666626; CER: 0.1041828989982605; WER: 0.2562534809112549; val_loss: 2.2337987422943115; val_CER: 0.21204166114330292; val_WER: 0.41499999165534973
2023-12-12 08:51:28,675 - root - INFO - Epoch 115; loss: 1.0374013185501099; CER: 0.10021773725748062; WER: 0.24569204449653625; val_loss: 2.1785943508148193; val_CER: 0.20520836114883423; val_WER: 0.429999977350235
2023-12-12 08:51:57,239 - root - INFO - Epoch 116; loss: 0.9970512986183167; CER: 0.09910135716199875; WER: 0.23457476496696472; val_loss: 2.1088085174560547; val_CER: 0.1927499920129776; val_WER: 0.41499999165534973
2023-12-12 08:52:25,727 - root - INFO - Epoch 117; loss: 0.9839102029800415; CER: 0.09827684611082077; WER: 0.24291272461414337; val_loss: 2.1857337951660156; val_CER: 0.1912083625793457; val_WER: 0.38749998807907104
2023-12-12 08:52:54,128 - root - INFO - Epoch 118; loss: 0.9526543021202087; CER: 0.09680377691984177; WER: 0.23401889204978943; val_loss: 2.23116397857666; val_CER: 0.19979165494441986; val_WER: 0.3999999761581421
2023-12-12 08:53:22,593 - root - INFO - Epoch 119; loss: 0.9202444553375244; CER: 0.08916064351797104; WER: 0.21956641972064972; val_loss: 2.5951638221740723; val_CER: 0.22849999368190765; val_WER: 0.44749999046325684
2023-12-12 08:53:51,263 - root - INFO - Epoch 120; loss: 0.8926817774772644; CER: 0.09125437587499619; WER: 0.22206781804561615; val_loss: 2.287360906600952; val_CER: 0.20674999058246613; val_WER: 0.429999977350235
2023-12-12 08:54:19,913 - root - INFO - Epoch 121; loss: 0.9271379709243774; CER: 0.09068000316619873; WER: 0.2240133434534073; val_loss: 2.210317850112915; val_CER: 0.2018333226442337; val_WER: 0.3999999761581421
2023-12-12 08:54:48,438 - root - INFO - Epoch 122; loss: 0.8979409337043762; CER: 0.08872059732675552; WER: 0.220122292637825; val_loss: 2.2353944778442383; val_CER: 0.19825001060962677; val_WER: 0.375
2023-12-12 08:55:17,928 - root - INFO - Epoch 123; loss: 0.9258087277412415; CER: 0.09183341264724731; WER: 0.21928848326206207; val_loss: 2.170109748840332; val_CER: 0.19483335316181183; val_WER: 0.39249998331069946
2023-12-12 08:55:46,938 - root - INFO - Epoch 124; loss: 0.8982340693473816; CER: 0.08787286281585693; WER: 0.21845468878746033; val_loss: 2.1375732421875; val_CER: 0.1888333261013031; val_WER: 0.38749998807907104
2023-12-12 08:56:17,662 - root - INFO - Epoch 125; loss: 0.9175140261650085; CER: 0.08687232434749603; WER: 0.2131739854812622; val_loss: 2.190317153930664; val_CER: 0.19691668450832367; val_WER: 0.4124999940395355
2023-12-12 08:56:46,310 - root - INFO - Epoch 126; loss: 0.8941115736961365; CER: 0.08802110701799393; WER: 0.21928848326206207; val_loss: 2.205078601837158; val_CER: 0.18058331310749054; val_WER: 0.375
2023-12-12 08:57:14,317 - root - INFO - Epoch 127; loss: 0.9253842234611511; CER: 0.09193998575210571; WER: 0.2292940467596054; val_loss: 2.173762321472168; val_CER: 0.19370831549167633; val_WER: 0.4074999988079071
2023-12-12 08:57:44,335 - root - INFO - Epoch 128; loss: 0.8782156705856323; CER: 0.08597830682992935; WER: 0.20844914019107819; val_loss: 2.2759616374969482; val_CER: 0.2017083317041397; val_WER: 0.3999999761581421
2023-12-12 08:58:14,087 - root - INFO - Epoch 129; loss: 0.8549060225486755; CER: 0.08525566756725311; WER: 0.21206225454807281; val_loss: 2.63323974609375; val_CER: 0.24179166555404663; val_WER: 0.47999998927116394
2023-12-12 08:58:43,550 - root - INFO - Epoch 130; loss: 0.8368232250213623; CER: 0.08623311668634415; WER: 0.2142857164144516; val_loss: 2.1613593101501465; val_CER: 0.19591665267944336; val_WER: 0.39249998331069946
2023-12-12 08:59:18,258 - root - INFO - Epoch 131; loss: 0.8172048926353455; CER: 0.08072077482938766; WER: 0.20372429490089417; val_loss: 2.3110365867614746; val_CER: 0.19058331847190857; val_WER: 0.38749998807907104
2023-12-12 08:59:59,082 - root - INFO - Epoch 132; loss: 0.8578835129737854; CER: 0.08327773958444595; WER: 0.20872706174850464; val_loss: 2.1674375534057617; val_CER: 0.18712496757507324; val_WER: 0.3999999761581421
2023-12-12 09:00:28,696 - root - INFO - Epoch 133; loss: 0.8337529897689819; CER: 0.08302297443151474; WER: 0.2056698203086853; val_loss: 2.1479909420013428; val_CER: 0.18662500381469727; val_WER: 0.3799999952316284
2023-12-12 09:00:57,969 - root - INFO - Epoch 134; loss: 0.8739991784095764; CER: 0.08591347932815552; WER: 0.2142857164144516; val_loss: 2.279728889465332; val_CER: 0.19320836663246155; val_WER: 0.3824999928474426
2023-12-12 09:01:26,273 - root - INFO - Epoch 135; loss: 0.8294755220413208; CER: 0.08156845718622208; WER: 0.19899943470954895; val_loss: 2.1447644233703613; val_CER: 0.18341666460037231; val_WER: 0.3700000047683716
2023-12-12 09:01:54,691 - root - INFO - Epoch 136; loss: 0.8185881972312927; CER: 0.07952101528644562; WER: 0.1992773711681366; val_loss: 2.173144817352295; val_CER: 0.19550000131130219; val_WER: 0.3799999952316284
2023-12-12 09:02:23,721 - root - INFO - Epoch 137; loss: 0.7413064241409302; CER: 0.069913849234581; WER: 0.17787659168243408; val_loss: 2.1270573139190674; val_CER: 0.18816664814949036; val_WER: 0.3774999976158142
2023-12-12 09:02:52,592 - root - INFO - Epoch 138; loss: 0.7646991610527039; CER: 0.07454603165388107; WER: 0.18871594965457916; val_loss: 2.1658809185028076; val_CER: 0.19833332300186157; val_WER: 0.39499998092651367
2023-12-12 09:03:21,615 - root - INFO - Epoch 139; loss: 0.8194276094436646; CER: 0.07991478592157364; WER: 0.19788771867752075; val_loss: 2.088824510574341; val_CER: 0.18383333086967468; val_WER: 0.38749998807907104
2023-12-12 09:03:50,501 - root - INFO - Epoch 140; loss: 0.8015710115432739; CER: 0.07843244075775146; WER: 0.1906614750623703; val_loss: 2.418476104736328; val_CER: 0.2161666601896286; val_WER: 0.4424999952316284
2023-12-12 09:04:19,831 - root - INFO - Epoch 141; loss: 0.7346253395080566; CER: 0.06879284232854843; WER: 0.17648693919181824; val_loss: 2.218449354171753; val_CER: 0.19029167294502258; val_WER: 0.4124999940395355
2023-12-12 09:04:48,573 - root - INFO - Epoch 142; loss: 0.7563437223434448; CER: 0.07343892753124237; WER: 0.17843246459960938; val_loss: 2.23773455619812; val_CER: 0.19595833122730255; val_WER: 0.4025000035762787
2023-12-12 09:05:17,606 - root - INFO - Epoch 143; loss: 0.7110913395881653; CER: 0.07107187062501907; WER: 0.1803779900074005; val_loss: 2.37982177734375; val_CER: 0.19474999606609344; val_WER: 0.39499998092651367
2023-12-12 09:05:47,402 - root - INFO - Epoch 144; loss: 0.7120752930641174; CER: 0.07112281024456024; WER: 0.17926625907421112; val_loss: 2.1997106075286865; val_CER: 0.2001667022705078; val_WER: 0.3999999761581421
2023-12-12 09:06:16,481 - root - INFO - Epoch 145; loss: 0.7263776659965515; CER: 0.07244300097227097; WER: 0.18065591156482697; val_loss: 2.0841586589813232; val_CER: 0.1837499886751175; val_WER: 0.375
2023-12-12 09:06:44,935 - root - INFO - Epoch 146; loss: 0.7333576083183289; CER: 0.07025198638439178; WER: 0.16898275911808014; val_loss: 2.133608818054199; val_CER: 0.18512502312660217; val_WER: 0.38499999046325684
2023-12-12 09:06:45,234 - tf2onnx.tf_loader - WARNING - Could not search for non-variable resources. Concrete function internal representation may have changed.
2023-12-12 09:06:45,523 - tf2onnx.tfonnx - INFO - Using tensorflow=2.15.0, onnx=1.14.0, tf2onnx=1.15.1/37820d
2023-12-12 09:06:45,523 - tf2onnx.tfonnx - INFO - Using opset <onnx, 15>
2023-12-12 09:06:45,547 - tf2onnx.tf_utils - INFO - Computed 0 values for constant folding
2023-12-12 09:06:45,547 - tf2onnx.tf_utils - INFO - Computed 0 values for constant folding
2023-12-12 09:06:45,549 - tf2onnx.tf_utils - INFO - Computed 0 values for constant folding
2023-12-12 09:06:45,550 - tf2onnx.tf_utils - INFO - Computed 0 values for constant folding
2023-12-12 09:06:45,563 - tf2onnx.tf_utils - INFO - Computed 2 values for constant folding
2023-12-12 09:06:45,580 - tf2onnx.tfonnx - INFO - folding node using tf type=StridedSlice, name=model/bidirectional/forward_lstm/PartitionedCall/strided_slice
2023-12-12 09:06:45,580 - tf2onnx.tfonnx - INFO - folding node using tf type=StridedSlice, name=model/bidirectional/backward_lstm/PartitionedCall/strided_slice
2023-12-12 09:06:45,640 - tf2onnx.optimizer - INFO - Optimizing ONNX model
2023-12-12 09:06:45,950 - tf2onnx.optimizer - INFO - After optimization: BatchNormalization -18 (18->0), Cast -4 (11->7), Concat -4 (10->6), Const -129 (192->63), Expand -3 (4->1), Gather +2 (2->4), Identity -2 (2->0), Shape -1 (4->3), Slice -1 (5->4), Squeeze -3 (5->2), Transpose -81 (85->4), Unsqueeze -14 (17->3)
