2023-12-11 16:46:20,875 - root - INFO - Epoch 0; loss: 8.763879776000977; CER: 0.9071033596992493; WER: 1.0; val_loss: 8.017329216003418; val_CER: 0.8416075706481934; val_WER: 1.0
2023-12-11 16:59:13,891 - root - INFO - Epoch 1; loss: 6.406087875366211; CER: 0.6910533905029297; WER: 0.9802744388580322; val_loss: 4.967661380767822; val_CER: 0.5374552011489868; val_WER: 0.9261956810951233
2023-12-11 17:12:32,795 - root - INFO - Epoch 2; loss: 3.8045461177825928; CER: 0.3991127610206604; WER: 0.7589852809906006; val_loss: 4.839861869812012; val_CER: 0.499970406293869; val_WER: 0.7776028513908386
2023-12-11 17:25:32,891 - root - INFO - Epoch 3; loss: 2.4521007537841797; CER: 0.24940623342990875; WER: 0.5224864482879639; val_loss: 1.7537717819213867; val_CER: 0.17219221591949463; val_WER: 0.38732534646987915
2023-12-11 17:38:27,858 - root - INFO - Epoch 4; loss: 1.918473720550537; CER: 0.19237613677978516; WER: 0.42702966928482056; val_loss: 1.3620039224624634; val_CER: 0.13059112429618835; val_WER: 0.3104703724384308
2023-12-11 17:59:21,673 - root - INFO - Epoch 5; loss: 1.6160858869552612; CER: 0.1594097763299942; WER: 0.36212342977523804; val_loss: 1.165008306503296; val_CER: 0.10732461512088776; val_WER: 0.2616610825061798
2023-12-11 18:24:40,060 - root - INFO - Epoch 6; loss: 1.4097785949707031; CER: 0.13754072785377502; WER: 0.3204854726791382; val_loss: 1.1050180196762085; val_CER: 0.10297346860170364; val_WER: 0.2503444254398346
2023-12-11 18:37:32,145 - root - INFO - Epoch 7; loss: 1.2666302919387817; CER: 0.12273432314395905; WER: 0.28808704018592834; val_loss: 0.8771308064460754; val_CER: 0.08089444041252136; val_WER: 0.19966542720794678
2023-12-11 18:50:09,878 - root - INFO - Epoch 8; loss: 1.1587879657745361; CER: 0.11280287057161331; WER: 0.2676616907119751; val_loss: 2.016456365585327; val_CER: 0.196637824177742; val_WER: 0.3982483744621277
2023-12-11 19:02:27,975 - root - INFO - Epoch 9; loss: 1.0869966745376587; CER: 0.10556250065565109; WER: 0.2523317337036133; val_loss: 1.1260980367660522; val_CER: 0.1040903776884079; val_WER: 0.23774847388267517
2023-12-11 19:02:28,432 - tf2onnx.tf_loader - WARNING - Could not search for non-variable resources. Concrete function internal representation may have changed.
2023-12-11 19:02:28,765 - tf2onnx.tfonnx - INFO - Using tensorflow=2.15.0, onnx=1.14.0, tf2onnx=1.15.1/37820d
2023-12-11 19:02:28,765 - tf2onnx.tfonnx - INFO - Using opset <onnx, 15>
2023-12-11 19:02:28,789 - tf2onnx.tf_utils - INFO - Computed 0 values for constant folding
2023-12-11 19:02:28,791 - tf2onnx.tf_utils - INFO - Computed 0 values for constant folding
2023-12-11 19:02:28,791 - tf2onnx.tf_utils - INFO - Computed 0 values for constant folding
2023-12-11 19:02:28,792 - tf2onnx.tf_utils - INFO - Computed 0 values for constant folding
2023-12-11 19:02:28,807 - tf2onnx.tf_utils - INFO - Computed 2 values for constant folding
2023-12-11 19:02:28,825 - tf2onnx.tfonnx - INFO - folding node using tf type=StridedSlice, name=model/bidirectional/forward_lstm/PartitionedCall/strided_slice
2023-12-11 19:02:28,825 - tf2onnx.tfonnx - INFO - folding node using tf type=StridedSlice, name=model/bidirectional/backward_lstm/PartitionedCall/strided_slice
2023-12-11 19:02:28,889 - tf2onnx.optimizer - INFO - Optimizing ONNX model
2023-12-11 19:02:29,103 - tf2onnx.optimizer - INFO - After optimization: BatchNormalization -18 (18->0), Cast -4 (11->7), Concat -4 (10->6), Const -129 (192->63), Expand -3 (4->1), Gather +2 (2->4), Identity -2 (2->0), Shape -1 (4->3), Slice -1 (5->4), Squeeze -3 (5->2), Transpose -81 (85->4), Unsqueeze -14 (17->3)
